[1101/151537.600:ERROR:filesystem_win.cc(129)] GetFileAttributes C:\Users\Ayush\AppData\Local\Google\Chrome\User Data\Crashpad\attachments\36eba248-9df5-41ee-93f8-23a054630785: The system cannot find the path specified. (0x3)
[1101/151537.631:ERROR:filesystem_win.cc(129)] GetFileAttributes C:\Users\Ayush\AppData\Local\Google\Chrome\User Data\Crashpad\attachments\505f958e-ddd1-4bd2-b2c9-4f02f8a9ba01: The system cannot find the path specified. (0x3)
[1101/151537.647:ERROR:filesystem_win.cc(129)] GetFileAttributes C:\Users\Ayush\AppData\Local\Google\Chrome\User Data\Crashpad\attachments\5ecf9fbb-8dc6-476c-8de0-5c0b8841c16a: The system cannot find the path specified. (0x3)
[1101/151537.678:ERROR:filesystem_win.cc(129)] GetFileAttributes C:\Users\Ayush\AppData\Local\Google\Chrome\User Data\Crashpad\attachments\6b8f06cf-fb5b-4413-acc8-fc98ed434efd: The system cannot find the path specified. (0x3)
[1101/151537.694:ERROR:filesystem_win.cc(129)] GetFileAttributes C:\Users\Ayush\AppData\Local\Google\Chrome\User Data\Crashpad\attachments\6bc66939-cd3f-418c-8643-c1b095782071: The system cannot find the path specified. (0x3)
[1101/151537.694:ERROR:filesystem_win.cc(129)] GetFileAttributes C:\Users\Ayush\AppData\Local\Google\Chrome\User Data\Crashpad\attachments\706b87c2-af49-4515-b304-da1b97158d3f: The system cannot find the path specified. (0x3)
[1101/151537.694:ERROR:filesystem_win.cc(129)] GetFileAttributes C:\Users\Ayush\AppData\Local\Google\Chrome\User Data\Crashpad\attachments\bb5b6f40-bb63-45e1-a706-71a737550e1a: The system cannot find the path specified. (0x3)
[1101/151537.709:ERROR:filesystem_win.cc(129)] GetFileAttributes C:\Users\Ayush\AppData\Local\Google\Chrome\User Data\Crashpad\attachments\d47fcfd7-b4a6-4a45-a845-fe9ad8abf765: The system cannot find the path specified. (0x3)
[1101/151537.725:ERROR:filesystem_win.cc(129)] GetFileAttributes C:\Users\Ayush\AppData\Local\Google\Chrome\User Data\Crashpad\attachments\d4982de4-f333-4301-bdb8-4fefa9ed752d: The system cannot find the path specified. (0x3)
[1101/151537.725:ERROR:filesystem_win.cc(129)] GetFileAttributes C:\Users\Ayush\AppData\Local\Google\Chrome\User Data\Crashpad\attachments\f33ea050-9f61-4198-a5ab-4a30aaf537b1: The system cannot find the path specified. (0x3)
[1101/151537.741:ERROR:filesystem_win.cc(129)] GetFileAttributes C:\Users\Ayush\AppData\Local\Google\Chrome\User Data\Crashpad\attachments\f5fdeecd-50e0-46e4-96fb-2c0b03ac0cea: The system cannot find the path specified. (0x3)
[1101/151537.741:ERROR:directory_reader_win.cc(43)] FindFirstFile: The system cannot find the path specified. (0x3)
[1101/182553.194:ERROR:directory_reader_win.cc(43)] FindFirstFile: The system cannot find the path specified. (0x3)
[1101/190052.529:ERROR:process_info.cc(359)] UncheckedAllocate
[1101/190052.623:ERROR:filesystem_win.cc(129)] GetFileAttributes C:\Users\Ayush\AppData\Local\Google\Chrome\User Data\Crashpad\attachments\aa98413b-218a-46f0-95e8-7964620e3318: The system cannot find the path specified. (0x3)
[1101/190052.855:ERROR:http_transport_win.cc(276)] WinHttpSendRequest: The operation completed successfully. (0x0)
[1101/195639.329:ERROR:directory_reader_win.cc(43)] FindFirstFile: The system cannot find the path specified. (0x3)
[1101/213727.032:ERROR:directory_reader_win.cc(43)] FindFirstFile: The system cannot find the path specified. (0x3)
[1101/215653.470:ERROR:filesystem_win.cc(129)] GetFileAttributes C:\Users\Ayush\AppData\Local\Google\Chrome\User Data\Crashpad\attachments\73658799-dfac-4866-be47-0c7b5fbf828b: The system cannot find the path specified. (0x3)
[1101/215654.058:ERROR:http_transport_win.cc(276)] WinHttpSendRequest: The operation completed successfully. (0x0)
[1101/224546.047:ERROR:directory_reader_win.cc(43)] FindFirstFile: The system cannot find the path specified. (0x3)
